[2014-12-31 02:05:22] production.ERROR: exception 'InvalidArgumentException' with message 'Command "install" is not defined.

Did you mean this?
    migrate:install' in /var/www/LARAVEL/1/vendor/symfony/console/Symfony/Component/Console/Application.php:564
Stack trace:
#0 /var/www/LARAVEL/1/vendor/symfony/console/Symfony/Component/Console/Application.php(190): Symfony\Component\Console\Application->find('install')
#1 /var/www/LARAVEL/1/vendor/symfony/console/Symfony/Component/Console/Application.php(124): Symfony\Component\Console\Application->doRun(Object(Symfony\Component\Console\Input\ArgvInput), Object(Symfony\Component\Console\Output\ConsoleOutput))
#2 /var/www/LARAVEL/1/artisan(59): Symfony\Component\Console\Application->run()
#3 {main} [] []
[2014-12-31 02:15:24] production.ERROR: exception 'Symfony\Component\Debug\Exception\FatalErrorException' with message 'syntax error, unexpected end of file' in /var/www/LARAVEL/1/app/routes.php:14
Stack trace:
#0 [internal function]: Illuminate\Exception\Handler->handleShutdown()
#1 {main} [] []
[2014-12-31 02:15:59] production.ERROR: exception 'Symfony\Component\Debug\Exception\FatalErrorException' with message 'syntax error, unexpected end of file' in /var/www/LARAVEL/1/app/routes.php:14
Stack trace:
#0 [internal function]: Illuminate\Exception\Handler->handleShutdown()
#1 {main} [] []
[2014-12-31 02:16:04] production.ERROR: exception 'Symfony\Component\Debug\Exception\FatalErrorException' with message 'syntax error, unexpected end of file' in /var/www/LARAVEL/1/app/routes.php:14
Stack trace:
#0 [internal function]: Illuminate\Exception\Handler->handleShutdown()
#1 {main} [] []
[2014-12-31 02:21:45] production.ERROR: exception 'PDOException' with message 'SQLSTATE[42000] [1044] Access denied for user ''@'localhost' to database 'forge'' in /var/www/LARAVEL/1/vendor/laravel/framework/src/Illuminate/Database/Connectors/Connector.php:47
Stack trace:
#0 /var/www/LARAVEL/1/vendor/laravel/framework/src/Illuminate/Database/Connectors/Connector.php(47): PDO->__construct('mysql:host=loca...', 'forge', '', Array)
#1 /var/www/LARAVEL/1/vendor/laravel/framework/src/Illuminate/Database/Connectors/MySqlConnector.php(20): Illuminate\Database\Connectors\Connector->createConnection('mysql:host=loca...', Array, Array)
#2 /var/www/LARAVEL/1/bootstrap/compiled.php(7688): Illuminate\Database\Connectors\MySqlConnector->connect(Array)
#3 /var/www/LARAVEL/1/bootstrap/compiled.php(7684): Illuminate\Database\Connectors\ConnectionFactory->createSingleConnection(Array)
#4 /var/www/LARAVEL/1/bootstrap/compiled.php(7596): Illuminate\Database\Connectors\ConnectionFactory->make(Array, 'mysql')
#5 /var/www/LARAVEL/1/bootstrap/compiled.php(7551): Illuminate\Database\DatabaseManager->makeConnection('mysql')
#6 /var/www/LARAVEL/1/vendor/laravel/framework/src/Illuminate/Database/Migrations/DatabaseMigrationRepository.php(167): Illuminate\Database\DatabaseManager->connection(NULL)
#7 /var/www/LARAVEL/1/vendor/laravel/framework/src/Illuminate/Database/Migrations/DatabaseMigrationRepository.php(135): Illuminate\Database\Migrations\DatabaseMigrationRepository->getConnection()
#8 /var/www/LARAVEL/1/vendor/laravel/framework/src/Illuminate/Database/Migrations/Migrator.php(371): Illuminate\Database\Migrations\DatabaseMigrationRepository->repositoryExists()
#9 /var/www/LARAVEL/1/vendor/laravel/framework/src/Illuminate/Database/Console/Migrations/MigrateCommand.php(98): Illuminate\Database\Migrations\Migrator->repositoryExists()
#10 /var/www/LARAVEL/1/vendor/laravel/framework/src/Illuminate/Database/Console/Migrations/MigrateCommand.php(61): Illuminate\Database\Console\Migrations\MigrateCommand->prepareDatabase()
#11 /var/www/LARAVEL/1/vendor/laravel/framework/src/Illuminate/Console/Command.php(112): Illuminate\Database\Console\Migrations\MigrateCommand->fire()
#12 /var/www/LARAVEL/1/vendor/symfony/console/Symfony/Component/Console/Command/Command.php(252): Illuminate\Console\Command->execute(Object(Symfony\Component\Console\Input\ArgvInput), Object(Symfony\Component\Console\Output\ConsoleOutput))
#13 /var/www/LARAVEL/1/vendor/laravel/framework/src/Illuminate/Console/Command.php(100): Symfony\Component\Console\Command\Command->run(Object(Symfony\Component\Console\Input\ArgvInput), Object(Symfony\Component\Console\Output\ConsoleOutput))
#14 /var/www/LARAVEL/1/vendor/symfony/console/Symfony/Component/Console/Application.php(889): Illuminate\Console\Command->run(Object(Symfony\Component\Console\Input\ArgvInput), Object(Symfony\Component\Console\Output\ConsoleOutput))
#15 /var/www/LARAVEL/1/vendor/symfony/console/Symfony/Component/Console/Application.php(193): Symfony\Component\Console\Application->doRunCommand(Object(Illuminate\Database\Console\Migrations\MigrateCommand), Object(Symfony\Component\Console\Input\ArgvInput), Object(Symfony\Component\Console\Output\ConsoleOutput))
#16 /var/www/LARAVEL/1/vendor/symfony/console/Symfony/Component/Console/Application.php(124): Symfony\Component\Console\Application->doRun(Object(Symfony\Component\Console\Input\ArgvInput), Object(Symfony\Component\Console\Output\ConsoleOutput))
#17 /var/www/LARAVEL/1/artisan(59): Symfony\Component\Console\Application->run()
#18 {main} [] []
[2014-12-31 02:22:53] production.ERROR: exception 'Symfony\Component\Debug\Exception\FatalErrorException' with message 'syntax error, unexpected '}'' in /var/www/LARAVEL/1/app/database/migrations/2014_12_31_021622_create_posts_table.php:21
Stack trace:
#0 [internal function]: Illuminate\Exception\Handler->handleShutdown()
#1 {main} [] []
[2014-12-31 03:30:23] production.ERROR: exception 'Symfony\Component\HttpKernel\Exception\NotFoundHttpException' in /var/www/LARAVEL/1/bootstrap/compiled.php:5726
Stack trace:
#0 /var/www/LARAVEL/1/bootstrap/compiled.php(5048): Illuminate\Routing\RouteCollection->match(Object(Illuminate\Http\Request))
#1 /var/www/LARAVEL/1/bootstrap/compiled.php(5036): Illuminate\Routing\Router->findRoute(Object(Illuminate\Http\Request))
#2 /var/www/LARAVEL/1/bootstrap/compiled.php(5028): Illuminate\Routing\Router->dispatchToRoute(Object(Illuminate\Http\Request))
#3 /var/www/LARAVEL/1/bootstrap/compiled.php(715): Illuminate\Routing\Router->dispatch(Object(Illuminate\Http\Request))
#4 /var/www/LARAVEL/1/bootstrap/compiled.php(696): Illuminate\Foundation\Application->dispatch(Object(Illuminate\Http\Request))
#5 /var/www/LARAVEL/1/bootstrap/compiled.php(7800): Illuminate\Foundation\Application->handle(Object(Illuminate\Http\Request), 1, true)
#6 /var/www/LARAVEL/1/bootstrap/compiled.php(8407): Illuminate\Session\Middleware->handle(Object(Illuminate\Http\Request), 1, true)
#7 /var/www/LARAVEL/1/bootstrap/compiled.php(8354): Illuminate\Cookie\Queue->handle(Object(Illuminate\Http\Request), 1, true)
#8 /var/www/LARAVEL/1/bootstrap/compiled.php(11017): Illuminate\Cookie\Guard->handle(Object(Illuminate\Http\Request), 1, true)
#9 /var/www/LARAVEL/1/bootstrap/compiled.php(657): Stack\StackedHttpKernel->handle(Object(Illuminate\Http\Request))
#10 /var/www/LARAVEL/1/public/index.php(49): Illuminate\Foundation\Application->run()
#11 /var/www/LARAVEL/1/server.php(19): require_once('/var/www/LARAVE...')
#12 {main} [] []
[2014-12-31 03:30:54] production.ERROR: exception 'Symfony\Component\HttpKernel\Exception\NotFoundHttpException' in /var/www/LARAVEL/1/bootstrap/compiled.php:5726
Stack trace:
#0 /var/www/LARAVEL/1/bootstrap/compiled.php(5048): Illuminate\Routing\RouteCollection->match(Object(Illuminate\Http\Request))
#1 /var/www/LARAVEL/1/bootstrap/compiled.php(5036): Illuminate\Routing\Router->findRoute(Object(Illuminate\Http\Request))
#2 /var/www/LARAVEL/1/bootstrap/compiled.php(5028): Illuminate\Routing\Router->dispatchToRoute(Object(Illuminate\Http\Request))
#3 /var/www/LARAVEL/1/bootstrap/compiled.php(715): Illuminate\Routing\Router->dispatch(Object(Illuminate\Http\Request))
#4 /var/www/LARAVEL/1/bootstrap/compiled.php(696): Illuminate\Foundation\Application->dispatch(Object(Illuminate\Http\Request))
#5 /var/www/LARAVEL/1/bootstrap/compiled.php(7800): Illuminate\Foundation\Application->handle(Object(Illuminate\Http\Request), 1, true)
#6 /var/www/LARAVEL/1/bootstrap/compiled.php(8407): Illuminate\Session\Middleware->handle(Object(Illuminate\Http\Request), 1, true)
#7 /var/www/LARAVEL/1/bootstrap/compiled.php(8354): Illuminate\Cookie\Queue->handle(Object(Illuminate\Http\Request), 1, true)
#8 /var/www/LARAVEL/1/bootstrap/compiled.php(11017): Illuminate\Cookie\Guard->handle(Object(Illuminate\Http\Request), 1, true)
#9 /var/www/LARAVEL/1/bootstrap/compiled.php(657): Stack\StackedHttpKernel->handle(Object(Illuminate\Http\Request))
#10 /var/www/LARAVEL/1/public/index.php(49): Illuminate\Foundation\Application->run()
#11 /var/www/LARAVEL/1/server.php(19): require_once('/var/www/LARAVE...')
#12 {main} [] []
[2014-12-31 03:51:38] production.ERROR: exception 'Symfony\Component\Debug\Exception\FatalErrorException' with message 'syntax error, unexpected end of file' in /var/www/LARAVEL/1/app/routes.php:22
Stack trace:
#0 [internal function]: Illuminate\Exception\Handler->handleShutdown()
#1 {main} [] []
[2014-12-31 03:52:20] production.ERROR: exception 'ErrorException' with message 'Array to string conversion' in /var/www/LARAVEL/1/app/routes.php:20
Stack trace:
#0 /var/www/LARAVEL/1/app/routes.php(20): Illuminate\Exception\Handler->handleError(8, 'Array to string...', '/var/www/LARAVE...', 20, Array)
#1 /var/www/LARAVEL/1/vendor/laravel/framework/src/Illuminate/Foundation/start.php(269): require('/var/www/LARAVE...')
#2 [internal function]: {closure}(Object(Illuminate\Foundation\Application))
#3 /var/www/LARAVEL/1/bootstrap/compiled.php(736): call_user_func(Object(Closure), Object(Illuminate\Foundation\Application))
#4 /var/www/LARAVEL/1/bootstrap/compiled.php(641): Illuminate\Foundation\Application->fireAppCallbacks(Array)
#5 /var/www/LARAVEL/1/bootstrap/compiled.php(635): Illuminate\Foundation\Application->bootApplication()
#6 /var/www/LARAVEL/1/bootstrap/compiled.php(695): Illuminate\Foundation\Application->boot()
#7 /var/www/LARAVEL/1/bootstrap/compiled.php(7800): Illuminate\Foundation\Application->handle(Object(Illuminate\Http\Request), 1, true)
#8 /var/www/LARAVEL/1/bootstrap/compiled.php(8407): Illuminate\Session\Middleware->handle(Object(Illuminate\Http\Request), 1, true)
#9 /var/www/LARAVEL/1/bootstrap/compiled.php(8354): Illuminate\Cookie\Queue->handle(Object(Illuminate\Http\Request), 1, true)
#10 /var/www/LARAVEL/1/bootstrap/compiled.php(11017): Illuminate\Cookie\Guard->handle(Object(Illuminate\Http\Request), 1, true)
#11 /var/www/LARAVEL/1/bootstrap/compiled.php(657): Stack\StackedHttpKernel->handle(Object(Illuminate\Http\Request))
#12 /var/www/LARAVEL/1/public/index.php(49): Illuminate\Foundation\Application->run()
#13 /var/www/LARAVEL/1/server.php(19): require_once('/var/www/LARAVE...')
#14 {main} [] []
[2014-12-31 03:55:30] production.ERROR: exception 'ErrorException' with message 'Array to string conversion' in /var/www/LARAVEL/1/app/routes.php:20
Stack trace:
#0 /var/www/LARAVEL/1/app/routes.php(20): Illuminate\Exception\Handler->handleError(8, 'Array to string...', '/var/www/LARAVE...', 20, Array)
#1 /var/www/LARAVEL/1/vendor/laravel/framework/src/Illuminate/Foundation/start.php(269): require('/var/www/LARAVE...')
#2 [internal function]: {closure}(Object(Illuminate\Foundation\Application))
#3 /var/www/LARAVEL/1/bootstrap/compiled.php(736): call_user_func(Object(Closure), Object(Illuminate\Foundation\Application))
#4 /var/www/LARAVEL/1/bootstrap/compiled.php(641): Illuminate\Foundation\Application->fireAppCallbacks(Array)
#5 /var/www/LARAVEL/1/bootstrap/compiled.php(635): Illuminate\Foundation\Application->bootApplication()
#6 /var/www/LARAVEL/1/bootstrap/compiled.php(695): Illuminate\Foundation\Application->boot()
#7 /var/www/LARAVEL/1/bootstrap/compiled.php(7800): Illuminate\Foundation\Application->handle(Object(Illuminate\Http\Request), 1, true)
#8 /var/www/LARAVEL/1/bootstrap/compiled.php(8407): Illuminate\Session\Middleware->handle(Object(Illuminate\Http\Request), 1, true)
#9 /var/www/LARAVEL/1/bootstrap/compiled.php(8354): Illuminate\Cookie\Queue->handle(Object(Illuminate\Http\Request), 1, true)
#10 /var/www/LARAVEL/1/bootstrap/compiled.php(11017): Illuminate\Cookie\Guard->handle(Object(Illuminate\Http\Request), 1, true)
#11 /var/www/LARAVEL/1/bootstrap/compiled.php(657): Stack\StackedHttpKernel->handle(Object(Illuminate\Http\Request))
#12 /var/www/LARAVEL/1/public/index.php(49): Illuminate\Foundation\Application->run()
#13 /var/www/LARAVEL/1/server.php(19): require_once('/var/www/LARAVE...')
#14 {main} [] []
[2014-12-31 03:58:29] production.ERROR: exception 'Symfony\Component\Debug\Exception\FatalErrorException' with message 'syntax error, unexpected '{', expecting '('' in /var/www/LARAVEL/1/app/models/Post.php:5
Stack trace:
#0 [internal function]: Illuminate\Exception\Handler->handleShutdown()
#1 {main} [] []
[2014-12-31 04:06:18] production.ERROR: exception 'Symfony\Component\Debug\Exception\FatalErrorException' with message 'Call to undefined function nl3br()' in /var/www/LARAVEL/1/app/controllers/BlogController.php:17
Stack trace:
#0 [internal function]: Illuminate\Exception\Handler->handleShutdown()
#1 {main} [] []
[2014-12-31 04:07:55] production.ERROR: exception 'Symfony\Component\HttpKernel\Exception\NotFoundHttpException' in /var/www/LARAVEL/1/bootstrap/compiled.php:5726
Stack trace:
#0 /var/www/LARAVEL/1/bootstrap/compiled.php(5048): Illuminate\Routing\RouteCollection->match(Object(Illuminate\Http\Request))
#1 /var/www/LARAVEL/1/bootstrap/compiled.php(5036): Illuminate\Routing\Router->findRoute(Object(Illuminate\Http\Request))
#2 /var/www/LARAVEL/1/bootstrap/compiled.php(5028): Illuminate\Routing\Router->dispatchToRoute(Object(Illuminate\Http\Request))
#3 /var/www/LARAVEL/1/bootstrap/compiled.php(715): Illuminate\Routing\Router->dispatch(Object(Illuminate\Http\Request))
#4 /var/www/LARAVEL/1/bootstrap/compiled.php(696): Illuminate\Foundation\Application->dispatch(Object(Illuminate\Http\Request))
#5 /var/www/LARAVEL/1/bootstrap/compiled.php(7800): Illuminate\Foundation\Application->handle(Object(Illuminate\Http\Request), 1, true)
#6 /var/www/LARAVEL/1/bootstrap/compiled.php(8407): Illuminate\Session\Middleware->handle(Object(Illuminate\Http\Request), 1, true)
#7 /var/www/LARAVEL/1/bootstrap/compiled.php(8354): Illuminate\Cookie\Queue->handle(Object(Illuminate\Http\Request), 1, true)
#8 /var/www/LARAVEL/1/bootstrap/compiled.php(11017): Illuminate\Cookie\Guard->handle(Object(Illuminate\Http\Request), 1, true)
#9 /var/www/LARAVEL/1/bootstrap/compiled.php(657): Stack\StackedHttpKernel->handle(Object(Illuminate\Http\Request))
#10 /var/www/LARAVEL/1/public/index.php(49): Illuminate\Foundation\Application->run()
#11 /var/www/LARAVEL/1/server.php(19): require_once('/var/www/LARAVE...')
#12 {main} [] []
[2014-12-31 04:08:22] production.ERROR: exception 'Illuminate\Database\Eloquent\ModelNotFoundException' with message 'No query results for model [Post].' in /var/www/LARAVEL/1/bootstrap/compiled.php:6548
Stack trace:
#0 /var/www/LARAVEL/1/app/controllers/BlogController.php(25): Illuminate\Database\Eloquent\Model::findOrFail('view')
#1 [internal function]: BlogController->viewPost('view')
#2 /var/www/LARAVEL/1/vendor/laravel/framework/src/Illuminate/Routing/Controller.php(231): call_user_func_array(Array, Array)
#3 /var/www/LARAVEL/1/bootstrap/compiled.php(5822): Illuminate\Routing\Controller->callAction('viewPost', Array)
#4 /var/www/LARAVEL/1/bootstrap/compiled.php(5810): Illuminate\Routing\ControllerDispatcher->call(Object(BlogController), Object(Illuminate\Routing\Route), 'viewPost')
#5 /var/www/LARAVEL/1/bootstrap/compiled.php(5015): Illuminate\Routing\ControllerDispatcher->dispatch(Object(Illuminate\Routing\Route), Object(Illuminate\Http\Request), 'BlogController', 'viewPost')
#6 [internal function]: Illuminate\Routing\Router->Illuminate\Routing\{closure}('view')
#7 /var/www/LARAVEL/1/bootstrap/compiled.php(5373): call_user_func_array(Object(Closure), Array)
#8 /var/www/LARAVEL/1/bootstrap/compiled.php(5040): Illuminate\Routing\Route->run(Object(Illuminate\Http\Request))
#9 /var/www/LARAVEL/1/bootstrap/compiled.php(5028): Illuminate\Routing\Router->dispatchToRoute(Object(Illuminate\Http\Request))
#10 /var/www/LARAVEL/1/bootstrap/compiled.php(715): Illuminate\Routing\Router->dispatch(Object(Illuminate\Http\Request))
#11 /var/www/LARAVEL/1/bootstrap/compiled.php(696): Illuminate\Foundation\Application->dispatch(Object(Illuminate\Http\Request))
#12 /var/www/LARAVEL/1/bootstrap/compiled.php(7800): Illuminate\Foundation\Application->handle(Object(Illuminate\Http\Request), 1, true)
#13 /var/www/LARAVEL/1/bootstrap/compiled.php(8407): Illuminate\Session\Middleware->handle(Object(Illuminate\Http\Request), 1, true)
#14 /var/www/LARAVEL/1/bootstrap/compiled.php(8354): Illuminate\Cookie\Queue->handle(Object(Illuminate\Http\Request), 1, true)
#15 /var/www/LARAVEL/1/bootstrap/compiled.php(11017): Illuminate\Cookie\Guard->handle(Object(Illuminate\Http\Request), 1, true)
#16 /var/www/LARAVEL/1/bootstrap/compiled.php(657): Stack\StackedHttpKernel->handle(Object(Illuminate\Http\Request))
#17 /var/www/LARAVEL/1/public/index.php(49): Illuminate\Foundation\Application->run()
#18 /var/www/LARAVEL/1/server.php(19): require_once('/var/www/LARAVE...')
#19 {main} [] []
[2014-12-31 04:18:26] production.ERROR: exception 'Symfony\Component\Debug\Exception\FatalErrorException' with message 'syntax error, unexpected ')', expecting '('' in /var/www/LARAVEL/1/app/storage/views/99728356de4aba8bb6746468d19985c6:2
Stack trace:
#0 [internal function]: Illuminate\Exception\Handler->handleShutdown()
#1 {main} [] []
[2014-12-31 04:18:44] production.ERROR: exception 'Symfony\Component\Debug\Exception\FatalErrorException' with message 'syntax error, unexpected ')', expecting '('' in /var/www/LARAVEL/1/app/storage/views/99728356de4aba8bb6746468d19985c6:2
Stack trace:
#0 [internal function]: Illuminate\Exception\Handler->handleShutdown()
#1 {main} [] []
[2014-12-31 04:18:56] production.ERROR: exception 'Symfony\Component\Debug\Exception\FatalErrorException' with message 'syntax error, unexpected ')', expecting '('' in /var/www/LARAVEL/1/app/storage/views/99728356de4aba8bb6746468d19985c6:2
Stack trace:
#0 [internal function]: Illuminate\Exception\Handler->handleShutdown()
#1 {main} [] []
[2014-12-31 04:19:14] production.ERROR: exception 'Symfony\Component\Debug\Exception\FatalErrorException' with message 'syntax error, unexpected ')', expecting '('' in /var/www/LARAVEL/1/app/storage/views/99728356de4aba8bb6746468d19985c6:2
Stack trace:
#0 [internal function]: Illuminate\Exception\Handler->handleShutdown()
#1 {main} [] []
[2014-12-31 04:22:14] production.ERROR: exception 'InvalidArgumentException' with message 'View [blog.post] not found.' in /var/www/LARAVEL/1/bootstrap/compiled.php:9486
Stack trace:
#0 /var/www/LARAVEL/1/bootstrap/compiled.php(9459): Illuminate\View\FileViewFinder->findInPaths('blog.post', Array)
#1 /var/www/LARAVEL/1/vendor/laravel/framework/src/Illuminate/View/Factory.php(124): Illuminate\View\FileViewFinder->find('blog.post')
#2 /var/www/LARAVEL/1/app/storage/views/99728356de4aba8bb6746468d19985c6(3): Illuminate\View\Factory->make('blog.post', Array, Array)
#3 /var/www/LARAVEL/1/bootstrap/compiled.php(9855): include('/var/www/LARAVE...')
#4 /var/www/LARAVEL/1/vendor/laravel/framework/src/Illuminate/View/Engines/CompilerEngine.php(56): Illuminate\View\Engines\PhpEngine->evaluatePath('/var/www/LARAVE...', Array)
#5 /var/www/LARAVEL/1/bootstrap/compiled.php(9733): Illuminate\View\Engines\CompilerEngine->get('/var/www/LARAVE...', Array)
#6 /var/www/LARAVEL/1/bootstrap/compiled.php(9720): Illuminate\View\View->getContents()
#7 /var/www/LARAVEL/1/bootstrap/compiled.php(9711): Illuminate\View\View->renderContents()
#8 /var/www/LARAVEL/1/bootstrap/compiled.php(9740): Illuminate\View\View->render()
#9 /var/www/LARAVEL/1/bootstrap/compiled.php(9733): Illuminate\View\View->gatherData()
#10 /var/www/LARAVEL/1/bootstrap/compiled.php(9720): Illuminate\View\View->getContents()
#11 /var/www/LARAVEL/1/bootstrap/compiled.php(9711): Illuminate\View\View->renderContents()
#12 /var/www/LARAVEL/1/bootstrap/compiled.php(10413): Illuminate\View\View->render()
#13 /var/www/LARAVEL/1/bootstrap/compiled.php(9943): Illuminate\Http\Response->setContent(Object(Illuminate\View\View))
#14 /var/www/LARAVEL/1/bootstrap/compiled.php(5233): Symfony\Component\HttpFoundation\Response->__construct(Object(Illuminate\View\View))
#15 /var/www/LARAVEL/1/bootstrap/compiled.php(5042): Illuminate\Routing\Router->prepareResponse(Object(Illuminate\Http\Request), Object(Illuminate\View\View))
#16 /var/www/LARAVEL/1/bootstrap/compiled.php(5028): Illuminate\Routing\Router->dispatchToRoute(Object(Illuminate\Http\Request))
#17 /var/www/LARAVEL/1/bootstrap/compiled.php(715): Illuminate\Routing\Router->dispatch(Object(Illuminate\Http\Request))
#18 /var/www/LARAVEL/1/bootstrap/compiled.php(696): Illuminate\Foundation\Application->dispatch(Object(Illuminate\Http\Request))
#19 /var/www/LARAVEL/1/bootstrap/compiled.php(7800): Illuminate\Foundation\Application->handle(Object(Illuminate\Http\Request), 1, true)
#20 /var/www/LARAVEL/1/bootstrap/compiled.php(8407): Illuminate\Session\Middleware->handle(Object(Illuminate\Http\Request), 1, true)
#21 /var/www/LARAVEL/1/bootstrap/compiled.php(8354): Illuminate\Cookie\Queue->handle(Object(Illuminate\Http\Request), 1, true)
#22 /var/www/LARAVEL/1/bootstrap/compiled.php(11017): Illuminate\Cookie\Guard->handle(Object(Illuminate\Http\Request), 1, true)
#23 /var/www/LARAVEL/1/bootstrap/compiled.php(657): Stack\StackedHttpKernel->handle(Object(Illuminate\Http\Request))
#24 /var/www/LARAVEL/1/public/index.php(49): Illuminate\Foundation\Application->run()
#25 /var/www/LARAVEL/1/server.php(19): require_once('/var/www/LARAVE...')
#26 {main}

Next exception 'ErrorException' with message 'View [blog.post] not found. (View: /var/www/LARAVEL/1/app/views/blog/index.blade.php)' in /var/www/LARAVEL/1/bootstrap/compiled.php:9486
Stack trace:
#0 /var/www/LARAVEL/1/bootstrap/compiled.php(9857): Illuminate\View\Engines\CompilerEngine->handleViewException(Object(InvalidArgumentException), 1)
#1 /var/www/LARAVEL/1/vendor/laravel/framework/src/Illuminate/View/Engines/CompilerEngine.php(56): Illuminate\View\Engines\PhpEngine->evaluatePath('/var/www/LARAVE...', Array)
#2 /var/www/LARAVEL/1/bootstrap/compiled.php(9733): Illuminate\View\Engines\CompilerEngine->get('/var/www/LARAVE...', Array)
#3 /var/www/LARAVEL/1/bootstrap/compiled.php(9720): Illuminate\View\View->getContents()
#4 /var/www/LARAVEL/1/bootstrap/compiled.php(9711): Illuminate\View\View->renderContents()
#5 /var/www/LARAVEL/1/bootstrap/compiled.php(9740): Illuminate\View\View->render()
#6 /var/www/LARAVEL/1/bootstrap/compiled.php(9733): Illuminate\View\View->gatherData()
#7 /var/www/LARAVEL/1/bootstrap/compiled.php(9720): Illuminate\View\View->getContents()
#8 /var/www/LARAVEL/1/bootstrap/compiled.php(9711): Illuminate\View\View->renderContents()
#9 /var/www/LARAVEL/1/bootstrap/compiled.php(10413): Illuminate\View\View->render()
#10 /var/www/LARAVEL/1/bootstrap/compiled.php(9943): Illuminate\Http\Response->setContent(Object(Illuminate\View\View))
#11 /var/www/LARAVEL/1/bootstrap/compiled.php(5233): Symfony\Component\HttpFoundation\Response->__construct(Object(Illuminate\View\View))
#12 /var/www/LARAVEL/1/bootstrap/compiled.php(5042): Illuminate\Routing\Router->prepareResponse(Object(Illuminate\Http\Request), Object(Illuminate\View\View))
#13 /var/www/LARAVEL/1/bootstrap/compiled.php(5028): Illuminate\Routing\Router->dispatchToRoute(Object(Illuminate\Http\Request))
#14 /var/www/LARAVEL/1/bootstrap/compiled.php(715): Illuminate\Routing\Router->dispatch(Object(Illuminate\Http\Request))
#15 /var/www/LARAVEL/1/bootstrap/compiled.php(696): Illuminate\Foundation\Application->dispatch(Object(Illuminate\Http\Request))
#16 /var/www/LARAVEL/1/bootstrap/compiled.php(7800): Illuminate\Foundation\Application->handle(Object(Illuminate\Http\Request), 1, true)
#17 /var/www/LARAVEL/1/bootstrap/compiled.php(8407): Illuminate\Session\Middleware->handle(Object(Illuminate\Http\Request), 1, true)
#18 /var/www/LARAVEL/1/bootstrap/compiled.php(8354): Illuminate\Cookie\Queue->handle(Object(Illuminate\Http\Request), 1, true)
#19 /var/www/LARAVEL/1/bootstrap/compiled.php(11017): Illuminate\Cookie\Guard->handle(Object(Illuminate\Http\Request), 1, true)
#20 /var/www/LARAVEL/1/bootstrap/compiled.php(657): Stack\StackedHttpKernel->handle(Object(Illuminate\Http\Request))
#21 /var/www/LARAVEL/1/public/index.php(49): Illuminate\Foundation\Application->run()
#22 /var/www/LARAVEL/1/server.php(19): require_once('/var/www/LARAVE...')
#23 {main} [] []
[2014-12-31 04:45:26] production.ERROR: exception 'Symfony\Component\Debug\Exception\FatalErrorException' with message 'syntax error, unexpected ','' in /var/www/LARAVEL/1/app/database/migrations/2014_12_31_044013_create_comment_table.php:16
Stack trace:
#0 [internal function]: Illuminate\Exception\Handler->handleShutdown()
#1 {main} [] []
[2014-12-31 06:08:03] production.ERROR: exception 'Symfony\Component\Debug\Exception\FatalErrorException' with message 'syntax error, unexpected 'fungction' (T_STRING), expecting variable (T_VARIABLE)' in /var/www/LARAVEL/1/app/controllers/BlogController.php:34
Stack trace:
#0 [internal function]: Illuminate\Exception\Handler->handleShutdown()
#1 {main} [] []
[2014-12-31 06:08:15] production.ERROR: exception 'Symfony\Component\Debug\Exception\FatalErrorException' with message 'syntax error, unexpected 'fungction' (T_STRING), expecting variable (T_VARIABLE)' in /var/www/LARAVEL/1/app/controllers/BlogController.php:34
Stack trace:
#0 [internal function]: Illuminate\Exception\Handler->handleShutdown()
#1 {main} [] []
[2014-12-31 06:08:53] production.ERROR: exception 'Symfony\Component\Debug\Exception\FatalErrorException' with message 'syntax error, unexpected 'fungction' (T_STRING), expecting variable (T_VARIABLE)' in /var/www/LARAVEL/1/app/controllers/BlogController.php:34
Stack trace:
#0 [internal function]: Illuminate\Exception\Handler->handleShutdown()
#1 {main} [] []
[2014-12-31 06:09:40] production.ERROR: exception 'Symfony\Component\Debug\Exception\FatalErrorException' with message 'syntax error, unexpected ')', expecting '('' in /var/www/LARAVEL/1/app/storage/views/3f47340155797eaa9a6f38877c5d3e0b:6
Stack trace:
#0 [internal function]: Illuminate\Exception\Handler->handleShutdown()
#1 {main} [] []
[2014-12-31 06:10:56] production.ERROR: exception 'Symfony\Component\Debug\Exception\FatalErrorException' with message 'syntax error, unexpected ')', expecting '('' in /var/www/LARAVEL/1/app/storage/views/3f47340155797eaa9a6f38877c5d3e0b:6
Stack trace:
#0 [internal function]: Illuminate\Exception\Handler->handleShutdown()
#1 {main} [] []
[2014-12-31 06:12:31] production.ERROR: exception 'Symfony\Component\Debug\Exception\FatalErrorException' with message 'syntax error, unexpected ':', expecting ',' or ';'' in /var/www/LARAVEL/1/app/storage/views/3f47340155797eaa9a6f38877c5d3e0b:15
Stack trace:
#0 [internal function]: Illuminate\Exception\Handler->handleShutdown()
#1 {main} [] []
[2014-12-31 06:14:21] production.ERROR: exception 'Symfony\Component\Debug\Exception\FatalErrorException' with message 'syntax error, unexpected ':', expecting ',' or ';'' in /var/www/LARAVEL/1/app/storage/views/3f47340155797eaa9a6f38877c5d3e0b:15
Stack trace:
#0 [internal function]: Illuminate\Exception\Handler->handleShutdown()
#1 {main} [] []
[2014-12-31 06:14:45] production.ERROR: exception 'Symfony\Component\Debug\Exception\FatalErrorException' with message 'syntax error, unexpected '<'' in /var/www/LARAVEL/1/app/storage/views/3f47340155797eaa9a6f38877c5d3e0b:15
Stack trace:
#0 [internal function]: Illuminate\Exception\Handler->handleShutdown()
#1 {main} [] []
[2014-12-31 06:21:59] production.ERROR: exception 'Symfony\Component\HttpKernel\Exception\MethodNotAllowedHttpException' in /var/www/LARAVEL/1/vendor/laravel/framework/src/Illuminate/Routing/RouteCollection.php:210
Stack trace:
#0 /var/www/LARAVEL/1/vendor/laravel/framework/src/Illuminate/Routing/RouteCollection.php(197): Illuminate\Routing\RouteCollection->methodNotAllowed(Array)
#1 /var/www/LARAVEL/1/vendor/laravel/framework/src/Illuminate/Routing/RouteCollection.php(145): Illuminate\Routing\RouteCollection->getOtherMethodsRoute(Object(Illuminate\Http\Request), Array)
#2 /var/www/LARAVEL/1/vendor/laravel/framework/src/Illuminate/Routing/Router.php(1049): Illuminate\Routing\RouteCollection->match(Object(Illuminate\Http\Request))
#3 /var/www/LARAVEL/1/vendor/laravel/framework/src/Illuminate/Routing/Router.php(1017): Illuminate\Routing\Router->findRoute(Object(Illuminate\Http\Request))
#4 /var/www/LARAVEL/1/vendor/laravel/framework/src/Illuminate/Routing/Router.php(996): Illuminate\Routing\Router->dispatchToRoute(Object(Illuminate\Http\Request))
#5 /var/www/LARAVEL/1/vendor/laravel/framework/src/Illuminate/Foundation/Application.php(775): Illuminate\Routing\Router->dispatch(Object(Illuminate\Http\Request))
#6 /var/www/LARAVEL/1/vendor/laravel/framework/src/Illuminate/Foundation/Application.php(745): Illuminate\Foundation\Application->dispatch(Object(Illuminate\Http\Request))
#7 /var/www/LARAVEL/1/vendor/laravel/framework/src/Illuminate/Session/Middleware.php(72): Illuminate\Foundation\Application->handle(Object(Illuminate\Http\Request), 1, true)
#8 /var/www/LARAVEL/1/vendor/laravel/framework/src/Illuminate/Cookie/Queue.php(47): Illuminate\Session\Middleware->handle(Object(Illuminate\Http\Request), 1, true)
#9 /var/www/LARAVEL/1/vendor/laravel/framework/src/Illuminate/Cookie/Guard.php(51): Illuminate\Cookie\Queue->handle(Object(Illuminate\Http\Request), 1, true)
#10 /var/www/LARAVEL/1/vendor/stack/builder/src/Stack/StackedHttpKernel.php(23): Illuminate\Cookie\Guard->handle(Object(Illuminate\Http\Request), 1, true)
#11 /var/www/LARAVEL/1/vendor/laravel/framework/src/Illuminate/Foundation/Application.php(641): Stack\StackedHttpKernel->handle(Object(Illuminate\Http\Request))
#12 /var/www/LARAVEL/1/public/index.php(49): Illuminate\Foundation\Application->run()
#13 /var/www/LARAVEL/1/server.php(19): require_once('/var/www/LARAVE...')
#14 {main} [] []
[2014-12-31 06:24:51] production.ERROR: exception 'Symfony\Component\HttpKernel\Exception\MethodNotAllowedHttpException' in /var/www/LARAVEL/1/vendor/laravel/framework/src/Illuminate/Routing/RouteCollection.php:210
Stack trace:
#0 /var/www/LARAVEL/1/vendor/laravel/framework/src/Illuminate/Routing/RouteCollection.php(197): Illuminate\Routing\RouteCollection->methodNotAllowed(Array)
#1 /var/www/LARAVEL/1/vendor/laravel/framework/src/Illuminate/Routing/RouteCollection.php(145): Illuminate\Routing\RouteCollection->getOtherMethodsRoute(Object(Illuminate\Http\Request), Array)
#2 /var/www/LARAVEL/1/vendor/laravel/framework/src/Illuminate/Routing/Router.php(1049): Illuminate\Routing\RouteCollection->match(Object(Illuminate\Http\Request))
#3 /var/www/LARAVEL/1/vendor/laravel/framework/src/Illuminate/Routing/Router.php(1017): Illuminate\Routing\Router->findRoute(Object(Illuminate\Http\Request))
#4 /var/www/LARAVEL/1/vendor/laravel/framework/src/Illuminate/Routing/Router.php(996): Illuminate\Routing\Router->dispatchToRoute(Object(Illuminate\Http\Request))
#5 /var/www/LARAVEL/1/vendor/laravel/framework/src/Illuminate/Foundation/Application.php(775): Illuminate\Routing\Router->dispatch(Object(Illuminate\Http\Request))
#6 /var/www/LARAVEL/1/vendor/laravel/framework/src/Illuminate/Foundation/Application.php(745): Illuminate\Foundation\Application->dispatch(Object(Illuminate\Http\Request))
#7 /var/www/LARAVEL/1/vendor/laravel/framework/src/Illuminate/Session/Middleware.php(72): Illuminate\Foundation\Application->handle(Object(Illuminate\Http\Request), 1, true)
#8 /var/www/LARAVEL/1/vendor/laravel/framework/src/Illuminate/Cookie/Queue.php(47): Illuminate\Session\Middleware->handle(Object(Illuminate\Http\Request), 1, true)
#9 /var/www/LARAVEL/1/vendor/laravel/framework/src/Illuminate/Cookie/Guard.php(51): Illuminate\Cookie\Queue->handle(Object(Illuminate\Http\Request), 1, true)
#10 /var/www/LARAVEL/1/vendor/stack/builder/src/Stack/StackedHttpKernel.php(23): Illuminate\Cookie\Guard->handle(Object(Illuminate\Http\Request), 1, true)
#11 /var/www/LARAVEL/1/vendor/laravel/framework/src/Illuminate/Foundation/Application.php(641): Stack\StackedHttpKernel->handle(Object(Illuminate\Http\Request))
#12 /var/www/LARAVEL/1/public/index.php(49): Illuminate\Foundation\Application->run()
#13 /var/www/LARAVEL/1/server.php(19): require_once('/var/www/LARAVE...')
#14 {main} [] []
[2014-12-31 06:54:46] production.ERROR: exception 'Symfony\Component\HttpKernel\Exception\MethodNotAllowedHttpException' in /var/www/LARAVEL/1/vendor/laravel/framework/src/Illuminate/Routing/RouteCollection.php:210
Stack trace:
#0 /var/www/LARAVEL/1/vendor/laravel/framework/src/Illuminate/Routing/RouteCollection.php(197): Illuminate\Routing\RouteCollection->methodNotAllowed(Array)
#1 /var/www/LARAVEL/1/vendor/laravel/framework/src/Illuminate/Routing/RouteCollection.php(145): Illuminate\Routing\RouteCollection->getOtherMethodsRoute(Object(Illuminate\Http\Request), Array)
#2 /var/www/LARAVEL/1/vendor/laravel/framework/src/Illuminate/Routing/Router.php(1049): Illuminate\Routing\RouteCollection->match(Object(Illuminate\Http\Request))
#3 /var/www/LARAVEL/1/vendor/laravel/framework/src/Illuminate/Routing/Router.php(1017): Illuminate\Routing\Router->findRoute(Object(Illuminate\Http\Request))
#4 /var/www/LARAVEL/1/vendor/laravel/framework/src/Illuminate/Routing/Router.php(996): Illuminate\Routing\Router->dispatchToRoute(Object(Illuminate\Http\Request))
#5 /var/www/LARAVEL/1/vendor/laravel/framework/src/Illuminate/Foundation/Application.php(775): Illuminate\Routing\Router->dispatch(Object(Illuminate\Http\Request))
#6 /var/www/LARAVEL/1/vendor/laravel/framework/src/Illuminate/Foundation/Application.php(745): Illuminate\Foundation\Application->dispatch(Object(Illuminate\Http\Request))
#7 /var/www/LARAVEL/1/vendor/laravel/framework/src/Illuminate/Session/Middleware.php(72): Illuminate\Foundation\Application->handle(Object(Illuminate\Http\Request), 1, true)
#8 /var/www/LARAVEL/1/vendor/laravel/framework/src/Illuminate/Cookie/Queue.php(47): Illuminate\Session\Middleware->handle(Object(Illuminate\Http\Request), 1, true)
#9 /var/www/LARAVEL/1/vendor/laravel/framework/src/Illuminate/Cookie/Guard.php(51): Illuminate\Cookie\Queue->handle(Object(Illuminate\Http\Request), 1, true)
#10 /var/www/LARAVEL/1/vendor/stack/builder/src/Stack/StackedHttpKernel.php(23): Illuminate\Cookie\Guard->handle(Object(Illuminate\Http\Request), 1, true)
#11 /var/www/LARAVEL/1/vendor/laravel/framework/src/Illuminate/Foundation/Application.php(641): Stack\StackedHttpKernel->handle(Object(Illuminate\Http\Request))
#12 /var/www/LARAVEL/1/public/index.php(49): Illuminate\Foundation\Application->run()
#13 /var/www/LARAVEL/1/server.php(19): require_once('/var/www/LARAVE...')
#14 {main} [] []
[2014-12-31 06:55:13] production.ERROR: exception 'Symfony\Component\HttpKernel\Exception\MethodNotAllowedHttpException' in /var/www/LARAVEL/1/vendor/laravel/framework/src/Illuminate/Routing/RouteCollection.php:210
Stack trace:
#0 /var/www/LARAVEL/1/vendor/laravel/framework/src/Illuminate/Routing/RouteCollection.php(197): Illuminate\Routing\RouteCollection->methodNotAllowed(Array)
#1 /var/www/LARAVEL/1/vendor/laravel/framework/src/Illuminate/Routing/RouteCollection.php(145): Illuminate\Routing\RouteCollection->getOtherMethodsRoute(Object(Illuminate\Http\Request), Array)
#2 /var/www/LARAVEL/1/vendor/laravel/framework/src/Illuminate/Routing/Router.php(1049): Illuminate\Routing\RouteCollection->match(Object(Illuminate\Http\Request))
#3 /var/www/LARAVEL/1/vendor/laravel/framework/src/Illuminate/Routing/Router.php(1017): Illuminate\Routing\Router->findRoute(Object(Illuminate\Http\Request))
#4 /var/www/LARAVEL/1/vendor/laravel/framework/src/Illuminate/Routing/Router.php(996): Illuminate\Routing\Router->dispatchToRoute(Object(Illuminate\Http\Request))
#5 /var/www/LARAVEL/1/vendor/laravel/framework/src/Illuminate/Foundation/Application.php(775): Illuminate\Routing\Router->dispatch(Object(Illuminate\Http\Request))
#6 /var/www/LARAVEL/1/vendor/laravel/framework/src/Illuminate/Foundation/Application.php(745): Illuminate\Foundation\Application->dispatch(Object(Illuminate\Http\Request))
#7 /var/www/LARAVEL/1/vendor/laravel/framework/src/Illuminate/Session/Middleware.php(72): Illuminate\Foundation\Application->handle(Object(Illuminate\Http\Request), 1, true)
#8 /var/www/LARAVEL/1/vendor/laravel/framework/src/Illuminate/Cookie/Queue.php(47): Illuminate\Session\Middleware->handle(Object(Illuminate\Http\Request), 1, true)
#9 /var/www/LARAVEL/1/vendor/laravel/framework/src/Illuminate/Cookie/Guard.php(51): Illuminate\Cookie\Queue->handle(Object(Illuminate\Http\Request), 1, true)
#10 /var/www/LARAVEL/1/vendor/stack/builder/src/Stack/StackedHttpKernel.php(23): Illuminate\Cookie\Guard->handle(Object(Illuminate\Http\Request), 1, true)
#11 /var/www/LARAVEL/1/vendor/laravel/framework/src/Illuminate/Foundation/Application.php(641): Stack\StackedHttpKernel->handle(Object(Illuminate\Http\Request))
#12 /var/www/LARAVEL/1/public/index.php(49): Illuminate\Foundation\Application->run()
#13 /var/www/LARAVEL/1/server.php(19): require_once('/var/www/LARAVE...')
#14 {main} [] []
[2014-12-31 06:59:38] production.ERROR: exception 'PDOException' with message 'SQLSTATE[23000]: Integrity constraint violation: 1048 Column 'name' cannot be null' in /var/www/LARAVEL/1/vendor/laravel/framework/src/Illuminate/Database/Connection.php:369
Stack trace:
#0 /var/www/LARAVEL/1/vendor/laravel/framework/src/Illuminate/Database/Connection.php(369): PDOStatement->execute(Array)
#1 /var/www/LARAVEL/1/vendor/laravel/framework/src/Illuminate/Database/Connection.php(617): Illuminate\Database\Connection->Illuminate\Database\{closure}(Object(Illuminate\Database\MySqlConnection), 'insert into `co...', Array)
#2 /var/www/LARAVEL/1/vendor/laravel/framework/src/Illuminate/Database/Connection.php(581): Illuminate\Database\Connection->runQueryCallback('insert into `co...', Array, Object(Closure))
#3 /var/www/LARAVEL/1/vendor/laravel/framework/src/Illuminate/Database/Connection.php(370): Illuminate\Database\Connection->run('insert into `co...', Array, Object(Closure))
#4 /var/www/LARAVEL/1/vendor/laravel/framework/src/Illuminate/Database/Connection.php(327): Illuminate\Database\Connection->statement('insert into `co...', Array)
#5 /var/www/LARAVEL/1/vendor/laravel/framework/src/Illuminate/Database/Query/Processors/Processor.php(30): Illuminate\Database\Connection->insert('insert into `co...', Array)
#6 /var/www/LARAVEL/1/vendor/laravel/framework/src/Illuminate/Database/Query/Builder.php(1896): Illuminate\Database\Query\Processors\Processor->processInsertGetId(Object(Illuminate\Database\Query\Builder), 'insert into `co...', Array, 'id')
#7 [internal function]: Illuminate\Database\Query\Builder->insertGetId(Array, 'id')
#8 /var/www/LARAVEL/1/vendor/laravel/framework/src/Illuminate/Database/Eloquent/Builder.php(935): call_user_func_array(Array, Array)
#9 /var/www/LARAVEL/1/vendor/laravel/framework/src/Illuminate/Database/Eloquent/Model.php(1579): Illuminate\Database\Eloquent\Builder->__call('insertGetId', Array)
#10 /var/www/LARAVEL/1/vendor/laravel/framework/src/Illuminate/Database/Eloquent/Model.php(1579): Illuminate\Database\Eloquent\Builder->insertGetId(Array, 'id')
#11 /var/www/LARAVEL/1/vendor/laravel/framework/src/Illuminate/Database/Eloquent/Model.php(1549): Illuminate\Database\Eloquent\Model->insertAndSetId(Object(Illuminate\Database\Eloquent\Builder), Array)
#12 /var/www/LARAVEL/1/vendor/laravel/framework/src/Illuminate/Database/Eloquent/Model.php(1455): Illuminate\Database\Eloquent\Model->performInsert(Object(Illuminate\Database\Eloquent\Builder), Array)
#13 /var/www/LARAVEL/1/vendor/laravel/framework/src/Illuminate/Database/Eloquent/Relations/HasOneOrMany.php(169): Illuminate\Database\Eloquent\Model->save()
#14 /var/www/LARAVEL/1/app/controllers/BlogController.php(42): Illuminate\Database\Eloquent\Relations\HasOneOrMany->save(Object(Comment))
#15 [internal function]: BlogController->createComment('1')
#16 /var/www/LARAVEL/1/vendor/laravel/framework/src/Illuminate/Routing/Controller.php(231): call_user_func_array(Array, Array)
#17 /var/www/LARAVEL/1/vendor/laravel/framework/src/Illuminate/Routing/ControllerDispatcher.php(93): Illuminate\Routing\Controller->callAction('createComment', Array)
#18 /var/www/LARAVEL/1/vendor/laravel/framework/src/Illuminate/Routing/ControllerDispatcher.php(62): Illuminate\Routing\ControllerDispatcher->call(Object(BlogController), Object(Illuminate\Routing\Route), 'createComment')
#19 /var/www/LARAVEL/1/vendor/laravel/framework/src/Illuminate/Routing/Router.php(962): Illuminate\Routing\ControllerDispatcher->dispatch(Object(Illuminate\Routing\Route), Object(Illuminate\Http\Request), 'BlogController', 'createComment')
#20 [internal function]: Illuminate\Routing\Router->Illuminate\Routing\{closure}('1')
#21 /var/www/LARAVEL/1/vendor/laravel/framework/src/Illuminate/Routing/Route.php(109): call_user_func_array(Object(Closure), Array)
#22 /var/www/LARAVEL/1/vendor/laravel/framework/src/Illuminate/Routing/Router.php(1028): Illuminate\Routing\Route->run(Object(Illuminate\Http\Request))
#23 /var/www/LARAVEL/1/vendor/laravel/framework/src/Illuminate/Routing/Router.php(996): Illuminate\Routing\Router->dispatchToRoute(Object(Illuminate\Http\Request))
#24 /var/www/LARAVEL/1/vendor/laravel/framework/src/Illuminate/Foundation/Application.php(775): Illuminate\Routing\Router->dispatch(Object(Illuminate\Http\Request))
#25 /var/www/LARAVEL/1/vendor/laravel/framework/src/Illuminate/Foundation/Application.php(745): Illuminate\Foundation\Application->dispatch(Object(Illuminate\Http\Request))
#26 /var/www/LARAVEL/1/vendor/laravel/framework/src/Illuminate/Session/Middleware.php(72): Illuminate\Foundation\Application->handle(Object(Illuminate\Http\Request), 1, true)
#27 /var/www/LARAVEL/1/vendor/laravel/framework/src/Illuminate/Cookie/Queue.php(47): Illuminate\Session\Middleware->handle(Object(Illuminate\Http\Request), 1, true)
#28 /var/www/LARAVEL/1/vendor/laravel/framework/src/Illuminate/Cookie/Guard.php(51): Illuminate\Cookie\Queue->handle(Object(Illuminate\Http\Request), 1, true)
#29 /var/www/LARAVEL/1/vendor/stack/builder/src/Stack/StackedHttpKernel.php(23): Illuminate\Cookie\Guard->handle(Object(Illuminate\Http\Request), 1, true)
#30 /var/www/LARAVEL/1/vendor/laravel/framework/src/Illuminate/Foundation/Application.php(641): Stack\StackedHttpKernel->handle(Object(Illuminate\Http\Request))
#31 /var/www/LARAVEL/1/public/index.php(49): Illuminate\Foundation\Application->run()
#32 /var/www/LARAVEL/1/server.php(19): require_once('/var/www/LARAVE...')
#33 {main}

Next exception 'Illuminate\Database\QueryException' with message 'SQLSTATE[23000]: Integrity constraint violation: 1048 Column 'name' cannot be null (SQL: insert into `comments` (`name`, `content`, `post_id`, `updated_at`, `created_at`) values (, , 1, 2014-12-31 06:59:38, 2014-12-31 06:59:38))' in /var/www/LARAVEL/1/vendor/laravel/framework/src/Illuminate/Database/Connection.php:625
Stack trace:
#0 /var/www/LARAVEL/1/vendor/laravel/framework/src/Illuminate/Database/Connection.php(581): Illuminate\Database\Connection->runQueryCallback('insert into `co...', Array, Object(Closure))
#1 /var/www/LARAVEL/1/vendor/laravel/framework/src/Illuminate/Database/Connection.php(370): Illuminate\Database\Connection->run('insert into `co...', Array, Object(Closure))
#2 /var/www/LARAVEL/1/vendor/laravel/framework/src/Illuminate/Database/Connection.php(327): Illuminate\Database\Connection->statement('insert into `co...', Array)
#3 /var/www/LARAVEL/1/vendor/laravel/framework/src/Illuminate/Database/Query/Processors/Processor.php(30): Illuminate\Database\Connection->insert('insert into `co...', Array)
#4 /var/www/LARAVEL/1/vendor/laravel/framework/src/Illuminate/Database/Query/Builder.php(1896): Illuminate\Database\Query\Processors\Processor->processInsertGetId(Object(Illuminate\Database\Query\Builder), 'insert into `co...', Array, 'id')
#5 [internal function]: Illuminate\Database\Query\Builder->insertGetId(Array, 'id')
#6 /var/www/LARAVEL/1/vendor/laravel/framework/src/Illuminate/Database/Eloquent/Builder.php(935): call_user_func_array(Array, Array)
#7 /var/www/LARAVEL/1/vendor/laravel/framework/src/Illuminate/Database/Eloquent/Model.php(1579): Illuminate\Database\Eloquent\Builder->__call('insertGetId', Array)
#8 /var/www/LARAVEL/1/vendor/laravel/framework/src/Illuminate/Database/Eloquent/Model.php(1579): Illuminate\Database\Eloquent\Builder->insertGetId(Array, 'id')
#9 /var/www/LARAVEL/1/vendor/laravel/framework/src/Illuminate/Database/Eloquent/Model.php(1549): Illuminate\Database\Eloquent\Model->insertAndSetId(Object(Illuminate\Database\Eloquent\Builder), Array)
#10 /var/www/LARAVEL/1/vendor/laravel/framework/src/Illuminate/Database/Eloquent/Model.php(1455): Illuminate\Database\Eloquent\Model->performInsert(Object(Illuminate\Database\Eloquent\Builder), Array)
#11 /var/www/LARAVEL/1/vendor/laravel/framework/src/Illuminate/Database/Eloquent/Relations/HasOneOrMany.php(169): Illuminate\Database\Eloquent\Model->save()
#12 /var/www/LARAVEL/1/app/controllers/BlogController.php(42): Illuminate\Database\Eloquent\Relations\HasOneOrMany->save(Object(Comment))
#13 [internal function]: BlogController->createComment('1')
#14 /var/www/LARAVEL/1/vendor/laravel/framework/src/Illuminate/Routing/Controller.php(231): call_user_func_array(Array, Array)
#15 /var/www/LARAVEL/1/vendor/laravel/framework/src/Illuminate/Routing/ControllerDispatcher.php(93): Illuminate\Routing\Controller->callAction('createComment', Array)
#16 /var/www/LARAVEL/1/vendor/laravel/framework/src/Illuminate/Routing/ControllerDispatcher.php(62): Illuminate\Routing\ControllerDispatcher->call(Object(BlogController), Object(Illuminate\Routing\Route), 'createComment')
#17 /var/www/LARAVEL/1/vendor/laravel/framework/src/Illuminate/Routing/Router.php(962): Illuminate\Routing\ControllerDispatcher->dispatch(Object(Illuminate\Routing\Route), Object(Illuminate\Http\Request), 'BlogController', 'createComment')
#18 [internal function]: Illuminate\Routing\Router->Illuminate\Routing\{closure}('1')
#19 /var/www/LARAVEL/1/vendor/laravel/framework/src/Illuminate/Routing/Route.php(109): call_user_func_array(Object(Closure), Array)
#20 /var/www/LARAVEL/1/vendor/laravel/framework/src/Illuminate/Routing/Router.php(1028): Illuminate\Routing\Route->run(Object(Illuminate\Http\Request))
#21 /var/www/LARAVEL/1/vendor/laravel/framework/src/Illuminate/Routing/Router.php(996): Illuminate\Routing\Router->dispatchToRoute(Object(Illuminate\Http\Request))
#22 /var/www/LARAVEL/1/vendor/laravel/framework/src/Illuminate/Foundation/Application.php(775): Illuminate\Routing\Router->dispatch(Object(Illuminate\Http\Request))
#23 /var/www/LARAVEL/1/vendor/laravel/framework/src/Illuminate/Foundation/Application.php(745): Illuminate\Foundation\Application->dispatch(Object(Illuminate\Http\Request))
#24 /var/www/LARAVEL/1/vendor/laravel/framework/src/Illuminate/Session/Middleware.php(72): Illuminate\Foundation\Application->handle(Object(Illuminate\Http\Request), 1, true)
#25 /var/www/LARAVEL/1/vendor/laravel/framework/src/Illuminate/Cookie/Queue.php(47): Illuminate\Session\Middleware->handle(Object(Illuminate\Http\Request), 1, true)
#26 /var/www/LARAVEL/1/vendor/laravel/framework/src/Illuminate/Cookie/Guard.php(51): Illuminate\Cookie\Queue->handle(Object(Illuminate\Http\Request), 1, true)
#27 /var/www/LARAVEL/1/vendor/stack/builder/src/Stack/StackedHttpKernel.php(23): Illuminate\Cookie\Guard->handle(Object(Illuminate\Http\Request), 1, true)
#28 /var/www/LARAVEL/1/vendor/laravel/framework/src/Illuminate/Foundation/Application.php(641): Stack\StackedHttpKernel->handle(Object(Illuminate\Http\Request))
#29 /var/www/LARAVEL/1/public/index.php(49): Illuminate\Foundation\Application->run()
#30 /var/www/LARAVEL/1/server.php(19): require_once('/var/www/LARAVE...')
#31 {main} [] []
[2014-12-31 07:00:33] production.ERROR: exception 'Symfony\Component\HttpKernel\Exception\MethodNotAllowedHttpException' in /var/www/LARAVEL/1/vendor/laravel/framework/src/Illuminate/Routing/RouteCollection.php:210
Stack trace:
#0 /var/www/LARAVEL/1/vendor/laravel/framework/src/Illuminate/Routing/RouteCollection.php(197): Illuminate\Routing\RouteCollection->methodNotAllowed(Array)
#1 /var/www/LARAVEL/1/vendor/laravel/framework/src/Illuminate/Routing/RouteCollection.php(145): Illuminate\Routing\RouteCollection->getOtherMethodsRoute(Object(Illuminate\Http\Request), Array)
#2 /var/www/LARAVEL/1/vendor/laravel/framework/src/Illuminate/Routing/Router.php(1049): Illuminate\Routing\RouteCollection->match(Object(Illuminate\Http\Request))
#3 /var/www/LARAVEL/1/vendor/laravel/framework/src/Illuminate/Routing/Router.php(1017): Illuminate\Routing\Router->findRoute(Object(Illuminate\Http\Request))
#4 /var/www/LARAVEL/1/vendor/laravel/framework/src/Illuminate/Routing/Router.php(996): Illuminate\Routing\Router->dispatchToRoute(Object(Illuminate\Http\Request))
#5 /var/www/LARAVEL/1/vendor/laravel/framework/src/Illuminate/Foundation/Application.php(775): Illuminate\Routing\Router->dispatch(Object(Illuminate\Http\Request))
#6 /var/www/LARAVEL/1/vendor/laravel/framework/src/Illuminate/Foundation/Application.php(745): Illuminate\Foundation\Application->dispatch(Object(Illuminate\Http\Request))
#7 /var/www/LARAVEL/1/vendor/laravel/framework/src/Illuminate/Session/Middleware.php(72): Illuminate\Foundation\Application->handle(Object(Illuminate\Http\Request), 1, true)
#8 /var/www/LARAVEL/1/vendor/laravel/framework/src/Illuminate/Cookie/Queue.php(47): Illuminate\Session\Middleware->handle(Object(Illuminate\Http\Request), 1, true)
#9 /var/www/LARAVEL/1/vendor/laravel/framework/src/Illuminate/Cookie/Guard.php(51): Illuminate\Cookie\Queue->handle(Object(Illuminate\Http\Request), 1, true)
#10 /var/www/LARAVEL/1/vendor/stack/builder/src/Stack/StackedHttpKernel.php(23): Illuminate\Cookie\Guard->handle(Object(Illuminate\Http\Request), 1, true)
#11 /var/www/LARAVEL/1/vendor/laravel/framework/src/Illuminate/Foundation/Application.php(641): Stack\StackedHttpKernel->handle(Object(Illuminate\Http\Request))
#12 /var/www/LARAVEL/1/public/index.php(49): Illuminate\Foundation\Application->run()
#13 /var/www/LARAVEL/1/server.php(19): require_once('/var/www/LARAVE...')
#14 {main} [] []
[2014-12-31 07:28:32] production.ERROR: exception 'ErrorException' with message 'Use of undefined constant id - assumed 'id'' in /var/www/LARAVEL/1/app/storage/views/4660b16bf11cf8e39efcc8f3472fb414:6
Stack trace:
#0 /var/www/LARAVEL/1/app/storage/views/4660b16bf11cf8e39efcc8f3472fb414(6): Illuminate\Exception\Handler->handleError(8, 'Use of undefine...', '/var/www/LARAVE...', 6, Array)
#1 /var/www/LARAVEL/1/vendor/laravel/framework/src/Illuminate/View/Engines/PhpEngine.php(37): include('/var/www/LARAVE...')
#2 /var/www/LARAVEL/1/vendor/laravel/framework/src/Illuminate/View/Engines/CompilerEngine.php(56): Illuminate\View\Engines\PhpEngine->evaluatePath('/var/www/LARAVE...', Array)
#3 /var/www/LARAVEL/1/vendor/laravel/framework/src/Illuminate/View/View.php(134): Illuminate\View\Engines\CompilerEngine->get('/var/www/LARAVE...', Array)
#4 /var/www/LARAVEL/1/vendor/laravel/framework/src/Illuminate/View/View.php(102): Illuminate\View\View->getContents()
#5 /var/www/LARAVEL/1/vendor/laravel/framework/src/Illuminate/View/View.php(76): Illuminate\View\View->renderContents()
#6 /var/www/LARAVEL/1/app/storage/views/99728356de4aba8bb6746468d19985c6(8): Illuminate\View\View->render()
#7 /var/www/LARAVEL/1/vendor/laravel/framework/src/Illuminate/View/Engines/PhpEngine.php(37): include('/var/www/LARAVE...')
#8 /var/www/LARAVEL/1/vendor/laravel/framework/src/Illuminate/View/Engines/CompilerEngine.php(56): Illuminate\View\Engines\PhpEngine->evaluatePath('/var/www/LARAVE...', Array)
#9 /var/www/LARAVEL/1/vendor/laravel/framework/src/Illuminate/View/View.php(134): Illuminate\View\Engines\CompilerEngine->get('/var/www/LARAVE...', Array)
#10 /var/www/LARAVEL/1/vendor/laravel/framework/src/Illuminate/View/View.php(102): Illuminate\View\View->getContents()
#11 /var/www/LARAVEL/1/vendor/laravel/framework/src/Illuminate/View/View.php(76): Illuminate\View\View->renderContents()
#12 /var/www/LARAVEL/1/vendor/laravel/framework/src/Illuminate/View/View.php(150): Illuminate\View\View->render()
#13 /var/www/LARAVEL/1/vendor/laravel/framework/src/Illuminate/View/View.php(134): Illuminate\View\View->gatherData()
#14 /var/www/LARAVEL/1/vendor/laravel/framework/src/Illuminate/View/View.php(102): Illuminate\View\View->getContents()
#15 /var/www/LARAVEL/1/vendor/laravel/framework/src/Illuminate/View/View.php(76): Illuminate\View\View->renderContents()
#16 /var/www/LARAVEL/1/vendor/laravel/framework/src/Illuminate/Http/Response.php(43): Illuminate\View\View->render()
#17 /var/www/LARAVEL/1/vendor/symfony/http-foundation/Symfony/Component/HttpFoundation/Response.php(202): Illuminate\Http\Response->setContent(Object(Illuminate\View\View))
#18 /var/www/LARAVEL/1/vendor/laravel/framework/src/Illuminate/Routing/Router.php(1496): Symfony\Component\HttpFoundation\Response->__construct(Object(Illuminate\View\View))
#19 /var/www/LARAVEL/1/vendor/laravel/framework/src/Illuminate/Routing/Router.php(1031): Illuminate\Routing\Router->prepareResponse(Object(Illuminate\Http\Request), Object(Illuminate\View\View))
#20 /var/www/LARAVEL/1/vendor/laravel/framework/src/Illuminate/Routing/Router.php(996): Illuminate\Routing\Router->dispatchToRoute(Object(Illuminate\Http\Request))
#21 /var/www/LARAVEL/1/vendor/laravel/framework/src/Illuminate/Foundation/Application.php(775): Illuminate\Routing\Router->dispatch(Object(Illuminate\Http\Request))
#22 /var/www/LARAVEL/1/vendor/laravel/framework/src/Illuminate/Foundation/Application.php(745): Illuminate\Foundation\Application->dispatch(Object(Illuminate\Http\Request))
#23 /var/www/LARAVEL/1/vendor/laravel/framework/src/Illuminate/Session/Middleware.php(72): Illuminate\Foundation\Application->handle(Object(Illuminate\Http\Request), 1, true)
#24 /var/www/LARAVEL/1/vendor/laravel/framework/src/Illuminate/Cookie/Queue.php(47): Illuminate\Session\Middleware->handle(Object(Illuminate\Http\Request), 1, true)
#25 /var/www/LARAVEL/1/vendor/laravel/framework/src/Illuminate/Cookie/Guard.php(51): Illuminate\Cookie\Queue->handle(Object(Illuminate\Http\Request), 1, true)
#26 /var/www/LARAVEL/1/vendor/stack/builder/src/Stack/StackedHttpKernel.php(23): Illuminate\Cookie\Guard->handle(Object(Illuminate\Http\Request), 1, true)
#27 /var/www/LARAVEL/1/vendor/laravel/framework/src/Illuminate/Foundation/Application.php(641): Stack\StackedHttpKernel->handle(Object(Illuminate\Http\Request))
#28 /var/www/LARAVEL/1/public/index.php(49): Illuminate\Foundation\Application->run()
#29 /var/www/LARAVEL/1/server.php(19): require_once('/var/www/LARAVE...')
#30 {main}

Next exception 'ErrorException' with message 'Use of undefined constant id - assumed 'id' (View: /var/www/LARAVEL/1/app/views/blog/partials/post.blade.php)' in /var/www/LARAVEL/1/app/storage/views/4660b16bf11cf8e39efcc8f3472fb414:6
Stack trace:
#0 /var/www/LARAVEL/1/vendor/laravel/framework/src/Illuminate/View/Engines/PhpEngine.php(41): Illuminate\View\Engines\CompilerEngine->handleViewException(Object(ErrorException), 1)
#1 /var/www/LARAVEL/1/vendor/laravel/framework/src/Illuminate/View/Engines/CompilerEngine.php(56): Illuminate\View\Engines\PhpEngine->evaluatePath('/var/www/LARAVE...', Array)
#2 /var/www/LARAVEL/1/vendor/laravel/framework/src/Illuminate/View/View.php(134): Illuminate\View\Engines\CompilerEngine->get('/var/www/LARAVE...', Array)
#3 /var/www/LARAVEL/1/vendor/laravel/framework/src/Illuminate/View/View.php(102): Illuminate\View\View->getContents()
#4 /var/www/LARAVEL/1/vendor/laravel/framework/src/Illuminate/View/View.php(76): Illuminate\View\View->renderContents()
#5 /var/www/LARAVEL/1/app/storage/views/99728356de4aba8bb6746468d19985c6(8): Illuminate\View\View->render()
#6 /var/www/LARAVEL/1/vendor/laravel/framework/src/Illuminate/View/Engines/PhpEngine.php(37): include('/var/www/LARAVE...')
#7 /var/www/LARAVEL/1/vendor/laravel/framework/src/Illuminate/View/Engines/CompilerEngine.php(56): Illuminate\View\Engines\PhpEngine->evaluatePath('/var/www/LARAVE...', Array)
#8 /var/www/LARAVEL/1/vendor/laravel/framework/src/Illuminate/View/View.php(134): Illuminate\View\Engines\CompilerEngine->get('/var/www/LARAVE...', Array)
#9 /var/www/LARAVEL/1/vendor/laravel/framework/src/Illuminate/View/View.php(102): Illuminate\View\View->getContents()
#10 /var/www/LARAVEL/1/vendor/laravel/framework/src/Illuminate/View/View.php(76): Illuminate\View\View->renderContents()
#11 /var/www/LARAVEL/1/vendor/laravel/framework/src/Illuminate/View/View.php(150): Illuminate\View\View->render()
#12 /var/www/LARAVEL/1/vendor/laravel/framework/src/Illuminate/View/View.php(134): Illuminate\View\View->gatherData()
#13 /var/www/LARAVEL/1/vendor/laravel/framework/src/Illuminate/View/View.php(102): Illuminate\View\View->getContents()
#14 /var/www/LARAVEL/1/vendor/laravel/framework/src/Illuminate/View/View.php(76): Illuminate\View\View->renderContents()
#15 /var/www/LARAVEL/1/vendor/laravel/framework/src/Illuminate/Http/Response.php(43): Illuminate\View\View->render()
#16 /var/www/LARAVEL/1/vendor/symfony/http-foundation/Symfony/Component/HttpFoundation/Response.php(202): Illuminate\Http\Response->setContent(Object(Illuminate\View\View))
#17 /var/www/LARAVEL/1/vendor/laravel/framework/src/Illuminate/Routing/Router.php(1496): Symfony\Component\HttpFoundation\Response->__construct(Object(Illuminate\View\View))
#18 /var/www/LARAVEL/1/vendor/laravel/framework/src/Illuminate/Routing/Router.php(1031): Illuminate\Routing\Router->prepareResponse(Object(Illuminate\Http\Request), Object(Illuminate\View\View))
#19 /var/www/LARAVEL/1/vendor/laravel/framework/src/Illuminate/Routing/Router.php(996): Illuminate\Routing\Router->dispatchToRoute(Object(Illuminate\Http\Request))
#20 /var/www/LARAVEL/1/vendor/laravel/framework/src/Illuminate/Foundation/Application.php(775): Illuminate\Routing\Router->dispatch(Object(Illuminate\Http\Request))
#21 /var/www/LARAVEL/1/vendor/laravel/framework/src/Illuminate/Foundation/Application.php(745): Illuminate\Foundation\Application->dispatch(Object(Illuminate\Http\Request))
#22 /var/www/LARAVEL/1/vendor/laravel/framework/src/Illuminate/Session/Middleware.php(72): Illuminate\Foundation\Application->handle(Object(Illuminate\Http\Request), 1, true)
#23 /var/www/LARAVEL/1/vendor/laravel/framework/src/Illuminate/Cookie/Queue.php(47): Illuminate\Session\Middleware->handle(Object(Illuminate\Http\Request), 1, true)
#24 /var/www/LARAVEL/1/vendor/laravel/framework/src/Illuminate/Cookie/Guard.php(51): Illuminate\Cookie\Queue->handle(Object(Illuminate\Http\Request), 1, true)
#25 /var/www/LARAVEL/1/vendor/stack/builder/src/Stack/StackedHttpKernel.php(23): Illuminate\Cookie\Guard->handle(Object(Illuminate\Http\Request), 1, true)
#26 /var/www/LARAVEL/1/vendor/laravel/framework/src/Illuminate/Foundation/Application.php(641): Stack\StackedHttpKernel->handle(Object(Illuminate\Http\Request))
#27 /var/www/LARAVEL/1/public/index.php(49): Illuminate\Foundation\Application->run()
#28 /var/www/LARAVEL/1/server.php(19): require_once('/var/www/LARAVE...')
#29 {main}

Next exception 'ErrorException' with message 'Use of undefined constant id - assumed 'id' (View: /var/www/LARAVEL/1/app/views/blog/partials/post.blade.php) (View: /var/www/LARAVEL/1/app/views/blog/partials/post.blade.php)' in /var/www/LARAVEL/1/app/storage/views/4660b16bf11cf8e39efcc8f3472fb414:6
Stack trace:
#0 /var/www/LARAVEL/1/vendor/laravel/framework/src/Illuminate/View/Engines/PhpEngine.php(41): Illuminate\View\Engines\CompilerEngine->handleViewException(Object(ErrorException), 1)
#1 /var/www/LARAVEL/1/vendor/laravel/framework/src/Illuminate/View/Engines/CompilerEngine.php(56): Illuminate\View\Engines\PhpEngine->evaluatePath('/var/www/LARAVE...', Array)
#2 /var/www/LARAVEL/1/vendor/laravel/framework/src/Illuminate/View/View.php(134): Illuminate\View\Engines\CompilerEngine->get('/var/www/LARAVE...', Array)
#3 /var/www/LARAVEL/1/vendor/laravel/framework/src/Illuminate/View/View.php(102): Illuminate\View\View->getContents()
#4 /var/www/LARAVEL/1/vendor/laravel/framework/src/Illuminate/View/View.php(76): Illuminate\View\View->renderContents()
#5 /var/www/LARAVEL/1/vendor/laravel/framework/src/Illuminate/View/View.php(150): Illuminate\View\View->render()
#6 /var/www/LARAVEL/1/vendor/laravel/framework/src/Illuminate/View/View.php(134): Illuminate\View\View->gatherData()
#7 /var/www/LARAVEL/1/vendor/laravel/framework/src/Illuminate/View/View.php(102): Illuminate\View\View->getContents()
#8 /var/www/LARAVEL/1/vendor/laravel/framework/src/Illuminate/View/View.php(76): Illuminate\View\View->renderContents()
#9 /var/www/LARAVEL/1/vendor/laravel/framework/src/Illuminate/Http/Response.php(43): Illuminate\View\View->render()
#10 /var/www/LARAVEL/1/vendor/symfony/http-foundation/Symfony/Component/HttpFoundation/Response.php(202): Illuminate\Http\Response->setContent(Object(Illuminate\View\View))
#11 /var/www/LARAVEL/1/vendor/laravel/framework/src/Illuminate/Routing/Router.php(1496): Symfony\Component\HttpFoundation\Response->__construct(Object(Illuminate\View\View))
#12 /var/www/LARAVEL/1/vendor/laravel/framework/src/Illuminate/Routing/Router.php(1031): Illuminate\Routing\Router->prepareResponse(Object(Illuminate\Http\Request), Object(Illuminate\View\View))
#13 /var/www/LARAVEL/1/vendor/laravel/framework/src/Illuminate/Routing/Router.php(996): Illuminate\Routing\Router->dispatchToRoute(Object(Illuminate\Http\Request))
#14 /var/www/LARAVEL/1/vendor/laravel/framework/src/Illuminate/Foundation/Application.php(775): Illuminate\Routing\Router->dispatch(Object(Illuminate\Http\Request))
#15 /var/www/LARAVEL/1/vendor/laravel/framework/src/Illuminate/Foundation/Application.php(745): Illuminate\Foundation\Application->dispatch(Object(Illuminate\Http\Request))
#16 /var/www/LARAVEL/1/vendor/laravel/framework/src/Illuminate/Session/Middleware.php(72): Illuminate\Foundation\Application->handle(Object(Illuminate\Http\Request), 1, true)
#17 /var/www/LARAVEL/1/vendor/laravel/framework/src/Illuminate/Cookie/Queue.php(47): Illuminate\Session\Middleware->handle(Object(Illuminate\Http\Request), 1, true)
#18 /var/www/LARAVEL/1/vendor/laravel/framework/src/Illuminate/Cookie/Guard.php(51): Illuminate\Cookie\Queue->handle(Object(Illuminate\Http\Request), 1, true)
#19 /var/www/LARAVEL/1/vendor/stack/builder/src/Stack/StackedHttpKernel.php(23): Illuminate\Cookie\Guard->handle(Object(Illuminate\Http\Request), 1, true)
#20 /var/www/LARAVEL/1/vendor/laravel/framework/src/Illuminate/Foundation/Application.php(641): Stack\StackedHttpKernel->handle(Object(Illuminate\Http\Request))
#21 /var/www/LARAVEL/1/public/index.php(49): Illuminate\Foundation\Application->run()
#22 /var/www/LARAVEL/1/server.php(19): require_once('/var/www/LARAVE...')
#23 {main} [] []
